{"/Users/c230375/Documents/tictactoeREACT/src/components/Board/index.tsx": {"path":"/Users/c230375/Documents/tictactoeREACT/src/components/Board/index.tsx","statementMap":{"0":{"start":{"line":1,"column":0},"end":{"line":1,"column":26}},"1":{"start":{"line":2,"column":0},"end":{"line":2,"column":39}},"2":{"start":{"line":5,"column":15},"end":{"line":7,"column":2}},"3":{"start":{"line":9,"column":13},"end":{"line":18,"column":2}},"4":{"start":{"line":15,"column":41},"end":{"line":15,"column":58}},"5":{"start":{"line":16,"column":31},"end":{"line":16,"column":47}},"6":{"start":{"line":20,"column":0},"end":{"line":25,"column":12}},"7":{"start":{"line":23,"column":2},"end":{"line":24,"column":null}}},"fnMap":{"0":{"name":"(anonymous_1)","decl":{"start":{"line":15,"column":26},"end":{"line":15,"column":27}},"loc":{"start":{"line":15,"column":41},"end":{"line":15,"column":58}}},"1":{"name":"(anonymous_2)","decl":{"start":{"line":16,"column":16},"end":{"line":16,"column":17}},"loc":{"start":{"line":16,"column":31},"end":{"line":16,"column":47}}},"2":{"name":"(anonymous_3)","decl":{"start":{"line":20,"column":15},"end":{"line":20,"column":16}},"loc":{"start":{"line":23,"column":2},"end":{"line":24,"column":null}}}},"branchMap":{},"s":{"0":2,"1":2,"2":2,"3":2,"4":0,"5":0,"6":2,"7":2},"f":{"0":0,"1":0,"2":2},"b":{}}
,"/Users/c230375/Documents/tictactoeREACT/src/components/Board/Field/index.tsx": {"path":"/Users/c230375/Documents/tictactoeREACT/src/components/Board/Field/index.tsx","statementMap":{"0":{"start":{"line":1,"column":0},"end":{"line":1,"column":26}},"1":{"start":{"line":2,"column":0},"end":{"line":2,"column":39}},"2":{"start":{"line":5,"column":12},"end":{"line":14,"column":2}},"3":{"start":{"line":16,"column":15},"end":{"line":26,"column":2}},"4":{"start":{"line":22,"column":31},"end":{"line":22,"column":48}},"5":{"start":{"line":23,"column":47},"end":{"line":23,"column":64}},"6":{"start":{"line":28,"column":0},"end":{"line":32,"column":2}},"7":{"start":{"line":29,"column":2},"end":{"line":30,"column":null}}},"fnMap":{"0":{"name":"(anonymous_1)","decl":{"start":{"line":22,"column":16},"end":{"line":22,"column":17}},"loc":{"start":{"line":22,"column":31},"end":{"line":22,"column":48}}},"1":{"name":"(anonymous_2)","decl":{"start":{"line":23,"column":32},"end":{"line":23,"column":33}},"loc":{"start":{"line":23,"column":47},"end":{"line":23,"column":64}}},"2":{"name":"(anonymous_3)","decl":{"start":{"line":28,"column":15},"end":{"line":28,"column":16}},"loc":{"start":{"line":29,"column":2},"end":{"line":30,"column":null}}}},"branchMap":{},"s":{"0":2,"1":2,"2":2,"3":2,"4":0,"5":0,"6":2,"7":3},"f":{"0":0,"1":0,"2":3},"b":{}}
,"/Users/c230375/Documents/tictactoeREACT/src/components/Dialog/index.tsx": {"path":"/Users/c230375/Documents/tictactoeREACT/src/components/Dialog/index.tsx","statementMap":{"0":{"start":{"line":1,"column":0},"end":{"line":1,"column":26}},"1":{"start":{"line":2,"column":0},"end":{"line":2,"column":39}},"2":{"start":{"line":5,"column":19},"end":{"line":16,"column":2}},"3":{"start":{"line":15,"column":31},"end":{"line":15,"column":48}},"4":{"start":{"line":18,"column":13},"end":{"line":25,"column":2}},"5":{"start":{"line":22,"column":41},"end":{"line":22,"column":58}},"6":{"start":{"line":23,"column":31},"end":{"line":23,"column":47}},"7":{"start":{"line":27,"column":0},"end":{"line":33,"column":16}},"8":{"start":{"line":29,"column":2},"end":{"line":32,"column":null}}},"fnMap":{"0":{"name":"(anonymous_1)","decl":{"start":{"line":15,"column":16},"end":{"line":15,"column":17}},"loc":{"start":{"line":15,"column":31},"end":{"line":15,"column":48}}},"1":{"name":"(anonymous_2)","decl":{"start":{"line":22,"column":26},"end":{"line":22,"column":27}},"loc":{"start":{"line":22,"column":41},"end":{"line":22,"column":58}}},"2":{"name":"(anonymous_3)","decl":{"start":{"line":23,"column":16},"end":{"line":23,"column":17}},"loc":{"start":{"line":23,"column":31},"end":{"line":23,"column":47}}},"3":{"name":"(anonymous_4)","decl":{"start":{"line":27,"column":15},"end":{"line":27,"column":16}},"loc":{"start":{"line":29,"column":2},"end":{"line":32,"column":null}}}},"branchMap":{},"s":{"0":2,"1":2,"2":2,"3":0,"4":2,"5":0,"6":0,"7":2,"8":2},"f":{"0":0,"1":0,"2":0,"3":2},"b":{}}
,"/Users/c230375/Documents/tictactoeREACT/src/components/Dialog/Button/index.tsx": {"path":"/Users/c230375/Documents/tictactoeREACT/src/components/Dialog/Button/index.tsx","statementMap":{"0":{"start":{"line":1,"column":0},"end":{"line":1,"column":26}},"1":{"start":{"line":2,"column":0},"end":{"line":2,"column":39}},"2":{"start":{"line":5,"column":15},"end":{"line":14,"column":2}},"3":{"start":{"line":11,"column":31},"end":{"line":11,"column":46}},"4":{"start":{"line":12,"column":26},"end":{"line":12,"column":42}},"5":{"start":{"line":16,"column":0},"end":{"line":17,"column":44}},"6":{"start":{"line":17,"column":2},"end":{"line":17,"column":43}}},"fnMap":{"0":{"name":"(anonymous_1)","decl":{"start":{"line":11,"column":16},"end":{"line":11,"column":17}},"loc":{"start":{"line":11,"column":31},"end":{"line":11,"column":46}}},"1":{"name":"(anonymous_2)","decl":{"start":{"line":12,"column":11},"end":{"line":12,"column":12}},"loc":{"start":{"line":12,"column":26},"end":{"line":12,"column":42}}},"2":{"name":"(anonymous_3)","decl":{"start":{"line":16,"column":15},"end":{"line":16,"column":16}},"loc":{"start":{"line":17,"column":2},"end":{"line":17,"column":43}}}},"branchMap":{},"s":{"0":2,"1":2,"2":2,"3":0,"4":0,"5":2,"6":3},"f":{"0":0,"1":0,"2":3},"b":{}}
,"/Users/c230375/Documents/tictactoeREACT/src/components/Dialog/Loader/index.tsx": {"path":"/Users/c230375/Documents/tictactoeREACT/src/components/Dialog/Loader/index.tsx","statementMap":{"0":{"start":{"line":1,"column":0},"end":{"line":1,"column":26}},"1":{"start":{"line":2,"column":0},"end":{"line":2,"column":54}},"2":{"start":{"line":4,"column":13},"end":{"line":4,"column":19}},"3":{"start":{"line":5,"column":18},"end":{"line":5,"column":26}},"4":{"start":{"line":7,"column":13},"end":{"line":14,"column":2}},"5":{"start":{"line":16,"column":15},"end":{"line":24,"column":2}},"6":{"start":{"line":20,"column":46},"end":{"line":20,"column":61}},"7":{"start":{"line":21,"column":50},"end":{"line":21,"column":67}},"8":{"start":{"line":26,"column":0},"end":{"line":26,"column":32}},"9":{"start":{"line":26,"column":21},"end":{"line":26,"column":31}}},"fnMap":{"0":{"name":"(anonymous_2)","decl":{"start":{"line":20,"column":31},"end":{"line":20,"column":32}},"loc":{"start":{"line":20,"column":46},"end":{"line":20,"column":61}}},"1":{"name":"(anonymous_3)","decl":{"start":{"line":21,"column":35},"end":{"line":21,"column":36}},"loc":{"start":{"line":21,"column":50},"end":{"line":21,"column":67}}},"2":{"name":"(anonymous_4)","decl":{"start":{"line":26,"column":15},"end":{"line":26,"column":18}},"loc":{"start":{"line":26,"column":21},"end":{"line":26,"column":31}}}},"branchMap":{},"s":{"0":2,"1":2,"2":2,"3":2,"4":2,"5":2,"6":0,"7":0,"8":2,"9":1},"f":{"0":0,"1":0,"2":1},"b":{}}
,"/Users/c230375/Documents/tictactoeREACT/src/components/Dialog/TextField/index.tsx": {"path":"/Users/c230375/Documents/tictactoeREACT/src/components/Dialog/TextField/index.tsx","statementMap":{"0":{"start":{"line":1,"column":0},"end":{"line":1,"column":26}},"1":{"start":{"line":2,"column":0},"end":{"line":2,"column":39}},"2":{"start":{"line":5,"column":14},"end":{"line":10,"column":2}},"3":{"start":{"line":9,"column":26},"end":{"line":9,"column":41}},"4":{"start":{"line":12,"column":14},"end":{"line":22,"column":2}},"5":{"start":{"line":18,"column":31},"end":{"line":18,"column":47}},"6":{"start":{"line":19,"column":47},"end":{"line":19,"column":80}},"7":{"start":{"line":24,"column":0},"end":{"line":28,"column":11}},"8":{"start":{"line":25,"column":2},"end":{"line":27,"column":null}}},"fnMap":{"0":{"name":"(anonymous_1)","decl":{"start":{"line":9,"column":11},"end":{"line":9,"column":12}},"loc":{"start":{"line":9,"column":26},"end":{"line":9,"column":41}}},"1":{"name":"(anonymous_2)","decl":{"start":{"line":18,"column":16},"end":{"line":18,"column":17}},"loc":{"start":{"line":18,"column":31},"end":{"line":18,"column":47}}},"2":{"name":"(anonymous_3)","decl":{"start":{"line":19,"column":22},"end":{"line":19,"column":23}},"loc":{"start":{"line":19,"column":47},"end":{"line":19,"column":80}}},"3":{"name":"(anonymous_4)","decl":{"start":{"line":24,"column":15},"end":{"line":24,"column":16}},"loc":{"start":{"line":25,"column":2},"end":{"line":27,"column":null}}}},"branchMap":{"0":{"loc":{"start":{"line":19,"column":57},"end":{"line":19,"column":72}},"type":"cond-expr","locations":[{"start":{"line":19,"column":57},"end":{"line":19,"column":72}},{"start":{"line":19,"column":75},"end":{"line":19,"column":80}}]}},"s":{"0":2,"1":2,"2":2,"3":0,"4":2,"5":0,"6":0,"7":2,"8":7},"f":{"0":0,"1":0,"2":0,"3":7},"b":{"0":[0,0]}}
,"/Users/c230375/Documents/tictactoeREACT/src/components/Dialog/Title/index.tsx": {"path":"/Users/c230375/Documents/tictactoeREACT/src/components/Dialog/Title/index.tsx","statementMap":{"0":{"start":{"line":1,"column":0},"end":{"line":1,"column":26}},"1":{"start":{"line":2,"column":0},"end":{"line":2,"column":39}},"2":{"start":{"line":5,"column":14},"end":{"line":10,"column":2}},"3":{"start":{"line":12,"column":0},"end":{"line":13,"column":24}},"4":{"start":{"line":13,"column":2},"end":{"line":13,"column":23}}},"fnMap":{"0":{"name":"(anonymous_1)","decl":{"start":{"line":12,"column":15},"end":{"line":12,"column":16}},"loc":{"start":{"line":13,"column":2},"end":{"line":13,"column":23}}}},"branchMap":{},"s":{"0":2,"1":2,"2":2,"3":2,"4":2},"f":{"0":2},"b":{}}
,"/Users/c230375/Documents/tictactoeREACT/src/components/Page/index.tsx": {"path":"/Users/c230375/Documents/tictactoeREACT/src/components/Page/index.tsx","statementMap":{"0":{"start":{"line":1,"column":0},"end":{"line":1,"column":59}},"1":{"start":{"line":2,"column":0},"end":{"line":2,"column":45}},"2":{"start":{"line":3,"column":0},"end":{"line":3,"column":50}},"3":{"start":{"line":4,"column":0},"end":{"line":4,"column":40}},"4":{"start":{"line":5,"column":0},"end":{"line":5,"column":53}},"5":{"start":{"line":6,"column":0},"end":{"line":6,"column":47}},"6":{"start":{"line":7,"column":0},"end":{"line":7,"column":51}},"7":{"start":{"line":8,"column":0},"end":{"line":8,"column":49}},"8":{"start":{"line":9,"column":0},"end":{"line":9,"column":29}},"9":{"start":{"line":10,"column":0},"end":{"line":10,"column":35}},"10":{"start":{"line":11,"column":0},"end":{"line":11,"column":31}},"11":{"start":{"line":12,"column":0},"end":{"line":12,"column":44}},"12":{"start":{"line":13,"column":0},"end":{"line":13,"column":38}},"13":{"start":{"line":14,"column":0},"end":{"line":14,"column":44}},"14":{"start":{"line":15,"column":0},"end":{"line":15,"column":36}},"15":{"start":{"line":16,"column":0},"end":{"line":16,"column":33}},"16":{"start":{"line":17,"column":0},"end":{"line":17,"column":47}},"17":{"start":{"line":25,"column":4},"end":{"line":25,"column":17}},"18":{"start":{"line":99,"column":2},"end":{"line":129,"column":null}},"19":{"start":{"line":100,"column":23},"end":{"line":100,"column":49}},"20":{"start":{"line":101,"column":28},"end":{"line":101,"column":32}},"21":{"start":{"line":103,"column":4},"end":{"line":110,"column":null}},"22":{"start":{"line":104,"column":6},"end":{"line":109,"column":null}},"23":{"start":{"line":105,"column":8},"end":{"line":105,"column":29}},"24":{"start":{"line":106,"column":8},"end":{"line":106,"column":34}},"25":{"start":{"line":108,"column":8},"end":{"line":108,"column":28}},"26":{"start":{"line":112,"column":4},"end":{"line":128,"column":null}},"27":{"start":{"line":113,"column":22},"end":{"line":113,"column":29}},"28":{"start":{"line":115,"column":6},"end":{"line":120,"column":9}},"29":{"start":{"line":116,"column":23},"end":{"line":116,"column":39}},"30":{"start":{"line":118,"column":8},"end":{"line":118,"column":29}},"31":{"start":{"line":119,"column":8},"end":{"line":119,"column":null}},"32":{"start":{"line":122,"column":6},"end":{"line":125,"column":9}},"33":{"start":{"line":127,"column":6},"end":{"line":127,"column":36}},"34":{"start":{"line":171,"column":2},"end":{"line":178,"column":null}},"35":{"start":{"line":172,"column":4},"end":{"line":177,"column":7}},"36":{"start":{"line":180,"column":2},"end":{"line":184,"column":null}},"37":{"start":{"line":181,"column":4},"end":{"line":183,"column":7}},"38":{"start":{"line":196,"column":2},"end":{"line":202,"column":null}},"39":{"start":{"line":197,"column":4},"end":{"line":197,"column":20}},"40":{"start":{"line":199,"column":4},"end":{"line":201,"column":null}},"41":{"start":{"line":199,"column":21},"end":{"line":199,"column":22}},"42":{"start":{"line":199,"column":30},"end":{"line":199,"column":55}},"43":{"start":{"line":200,"column":6},"end":{"line":200,"column":46}},"44":{"start":{"line":215,"column":2},"end":{"line":220,"column":null}},"45":{"start":{"line":216,"column":4},"end":{"line":216,"column":20}},"46":{"start":{"line":218,"column":4},"end":{"line":218,"column":38}},"47":{"start":{"line":219,"column":4},"end":{"line":219,"column":26}},"48":{"start":{"line":27,"column":4},"end":{"line":27,"column":66}},"49":{"start":{"line":28,"column":4},"end":{"line":28,"column":20}},"50":{"start":{"line":29,"column":4},"end":{"line":29,"column":36}},"51":{"start":{"line":33,"column":119},"end":{"line":33,"column":129}},"52":{"start":{"line":34,"column":17},"end":{"line":34,"column":47}},"53":{"start":{"line":34,"column":37},"end":{"line":34,"column":46}},"54":{"start":{"line":35,"column":19},"end":{"line":35,"column":51}},"55":{"start":{"line":35,"column":39},"end":{"line":35,"column":50}},"56":{"start":{"line":37,"column":4},"end":{"line":66,"column":6}},"57":{"start":{"line":44,"column":78},"end":{"line":44,"column":135}},"58":{"start":{"line":48,"column":91},"end":{"line":48,"column":208}},"59":{"start":{"line":71,"column":4},"end":{"line":71,"column":26}},"60":{"start":{"line":75,"column":4},"end":{"line":96,"column":9}},"61":{"start":{"line":78,"column":8},"end":{"line":95,"column":null}},"62":{"start":{"line":79,"column":10},"end":{"line":82,"column":13}},"63":{"start":{"line":84,"column":10},"end":{"line":84,"column":15}},"64":{"start":{"line":85,"column":10},"end":{"line":85,"column":31}},"65":{"start":{"line":87,"column":10},"end":{"line":94,"column":null}},"66":{"start":{"line":88,"column":12},"end":{"line":91,"column":15}},"67":{"start":{"line":93,"column":12},"end":{"line":93,"column":45}},"68":{"start":{"line":132,"column":41},"end":{"line":132,"column":129}},"69":{"start":{"line":133,"column":26},"end":{"line":133,"column":65}},"70":{"start":{"line":134,"column":19},"end":{"line":134,"column":41}},"71":{"start":{"line":136,"column":4},"end":{"line":138,"column":null}},"72":{"start":{"line":137,"column":6},"end":{"line":137,"column":13}},"73":{"start":{"line":140,"column":4},"end":{"line":140,"column":69}},"74":{"start":{"line":141,"column":4},"end":{"line":141,"column":30}},"75":{"start":{"line":143,"column":4},"end":{"line":151,"column":null}},"76":{"start":{"line":144,"column":20},"end":{"line":144,"column":73}},"77":{"start":{"line":144,"column":39},"end":{"line":144,"column":73}},"78":{"start":{"line":145,"column":29},"end":{"line":145,"column":96}},"79":{"start":{"line":145,"column":65},"end":{"line":145,"column":96}},"80":{"start":{"line":147,"column":6},"end":{"line":150,"column":null}},"81":{"start":{"line":148,"column":8},"end":{"line":148,"column":43}},"82":{"start":{"line":149,"column":8},"end":{"line":149,"column":15}},"83":{"start":{"line":153,"column":4},"end":{"line":156,"column":null}},"84":{"start":{"line":154,"column":6},"end":{"line":154,"column":45}},"85":{"start":{"line":155,"column":6},"end":{"line":155,"column":13}},"86":{"start":{"line":158,"column":4},"end":{"line":158,"column":18}},"87":{"start":{"line":162,"column":20},"end":{"line":162,"column":43}},"88":{"start":{"line":163,"column":4},"end":{"line":163,"column":25}},"89":{"start":{"line":165,"column":4},"end":{"line":165,"column":52}},"90":{"start":{"line":166,"column":4},"end":{"line":166,"column":31}},"91":{"start":{"line":168,"column":4},"end":{"line":168,"column":62}},"92":{"start":{"line":187,"column":4},"end":{"line":191,"column":null}},"93":{"start":{"line":188,"column":6},"end":{"line":190,"column":null}},"94":{"start":{"line":189,"column":8},"end":{"line":189,"column":21}},"95":{"start":{"line":193,"column":4},"end":{"line":193,"column":16}},"96":{"start":{"line":205,"column":4},"end":{"line":205,"column":30}},"97":{"start":{"line":209,"column":23},"end":{"line":209,"column":49}},"98":{"start":{"line":210,"column":4},"end":{"line":210,"column":49}},"99":{"start":{"line":212,"column":4},"end":{"line":212,"column":34}},"100":{"start":{"line":223,"column":20},"end":{"line":223,"column":30}},"101":{"start":{"line":224,"column":24},"end":{"line":224,"column":25}},"102":{"start":{"line":226,"column":20},"end":{"line":226,"column":57}},"103":{"start":{"line":226,"column":40},"end":{"line":226,"column":56}},"104":{"start":{"line":227,"column":19},"end":{"line":227,"column":37}},"105":{"start":{"line":229,"column":4},"end":{"line":234,"column":null}},"106":{"start":{"line":229,"column":21},"end":{"line":229,"column":22}},"107":{"start":{"line":230,"column":6},"end":{"line":233,"column":null}},"108":{"start":{"line":236,"column":23},"end":{"line":242,"column":7}},"109":{"start":{"line":236,"column":53},"end":{"line":242,"column":6}},"110":{"start":{"line":244,"column":4},"end":{"line":253,"column":null}},"111":{"start":{"line":20,"column":0},"end":{"line":20,"column":21}}},"fnMap":{"0":{"name":"(anonymous_2)","decl":{"start":{"line":24,"column":2},"end":{"line":24,"column":14}},"loc":{"start":{"line":24,"column":23},"end":{"line":30,"column":3}}},"1":{"name":"(anonymous_3)","decl":{"start":{"line":99,"column":17},"end":{"line":99,"column":20}},"loc":{"start":{"line":99,"column":22},"end":{"line":129,"column":3}}},"2":{"name":"(anonymous_4)","decl":{"start":{"line":115,"column":25},"end":{"line":115,"column":26}},"loc":{"start":{"line":115,"column":52},"end":{"line":120,"column":7}}},"3":{"name":"(anonymous_5)","decl":{"start":{"line":171,"column":20},"end":{"line":171,"column":21}},"loc":{"start":{"line":171,"column":40},"end":{"line":178,"column":3}}},"4":{"name":"(anonymous_6)","decl":{"start":{"line":180,"column":17},"end":{"line":180,"column":20}},"loc":{"start":{"line":180,"column":22},"end":{"line":184,"column":3}}},"5":{"name":"(anonymous_7)","decl":{"start":{"line":196,"column":16},"end":{"line":196,"column":25}},"loc":{"start":{"line":196,"column":27},"end":{"line":202,"column":3}}},"6":{"name":"(anonymous_8)","decl":{"start":{"line":215,"column":13},"end":{"line":215,"column":22}},"loc":{"start":{"line":215,"column":24},"end":{"line":220,"column":3}}},"7":{"name":"(anonymous_9)","decl":{"start":{"line":32,"column":2},"end":{"line":32,"column":8}},"loc":{"start":{"line":32,"column":8},"end":{"line":67,"column":3}}},"8":{"name":"(anonymous_10)","decl":{"start":{"line":34,"column":29},"end":{"line":34,"column":33}},"loc":{"start":{"line":34,"column":37},"end":{"line":34,"column":46}}},"9":{"name":"(anonymous_11)","decl":{"start":{"line":35,"column":31},"end":{"line":35,"column":35}},"loc":{"start":{"line":35,"column":39},"end":{"line":35,"column":50}}},"10":{"name":"(anonymous_12)","decl":{"start":{"line":44,"column":45},"end":{"line":44,"column":46}},"loc":{"start":{"line":44,"column":78},"end":{"line":44,"column":135}}},"11":{"name":"(anonymous_13)","decl":{"start":{"line":48,"column":30},"end":{"line":48,"column":31}},"loc":{"start":{"line":48,"column":91},"end":{"line":48,"column":208}}},"12":{"name":"(anonymous_14)","decl":{"start":{"line":69,"column":2},"end":{"line":69,"column":19}},"loc":{"start":{"line":69,"column":19},"end":{"line":72,"column":3}}},"13":{"name":"(anonymous_15)","decl":{"start":{"line":74,"column":2},"end":{"line":74,"column":16}},"loc":{"start":{"line":74,"column":55},"end":{"line":97,"column":3}}},"14":{"name":"(anonymous_16)","decl":{"start":{"line":77,"column":12},"end":{"line":77,"column":13}},"loc":{"start":{"line":77,"column":23},"end":{"line":96,"column":7}}},"15":{"name":"(anonymous_17)","decl":{"start":{"line":131,"column":2},"end":{"line":131,"column":14}},"loc":{"start":{"line":131,"column":28},"end":{"line":159,"column":3}}},"16":{"name":"(anonymous_18)","decl":{"start":{"line":144,"column":20},"end":{"line":144,"column":21}},"loc":{"start":{"line":144,"column":39},"end":{"line":144,"column":73}}},"17":{"name":"(anonymous_19)","decl":{"start":{"line":145,"column":29},"end":{"line":145,"column":30}},"loc":{"start":{"line":145,"column":65},"end":{"line":145,"column":96}}},"18":{"name":"(anonymous_20)","decl":{"start":{"line":161,"column":2},"end":{"line":161,"column":16}},"loc":{"start":{"line":161,"column":27},"end":{"line":169,"column":3}}},"19":{"name":"(anonymous_21)","decl":{"start":{"line":186,"column":2},"end":{"line":186,"column":14}},"loc":{"start":{"line":186,"column":38},"end":{"line":194,"column":3}}},"20":{"name":"(anonymous_22)","decl":{"start":{"line":204,"column":2},"end":{"line":204,"column":10}},"loc":{"start":{"line":204,"column":23},"end":{"line":206,"column":3}}},"21":{"name":"(anonymous_23)","decl":{"start":{"line":208,"column":2},"end":{"line":208,"column":11}},"loc":{"start":{"line":208,"column":69},"end":{"line":213,"column":3}}},"22":{"name":"(anonymous_24)","decl":{"start":{"line":222,"column":2},"end":{"line":222,"column":6}},"loc":{"start":{"line":222,"column":19},"end":{"line":254,"column":3}}},"23":{"name":"(anonymous_25)","decl":{"start":{"line":226,"column":32},"end":{"line":226,"column":36}},"loc":{"start":{"line":226,"column":40},"end":{"line":226,"column":56}}},"24":{"name":"(anonymous_26)","decl":{"start":{"line":236,"column":35},"end":{"line":236,"column":36}},"loc":{"start":{"line":236,"column":53},"end":{"line":242,"column":6}}}},"branchMap":{"0":{"loc":{"start":{"line":104,"column":6},"end":{"line":109,"column":null}},"type":"if","locations":[{"start":{"line":104,"column":6},"end":{"line":109,"column":null}},{"start":{"line":104,"column":6},"end":{"line":109,"column":null}}]},"1":{"loc":{"start":{"line":112,"column":4},"end":{"line":128,"column":null}},"type":"if","locations":[{"start":{"line":112,"column":4},"end":{"line":128,"column":null}},{"start":{"line":112,"column":4},"end":{"line":128,"column":null}}]},"2":{"loc":{"start":{"line":38,"column":39},"end":{"line":38,"column":48}},"type":"cond-expr","locations":[{"start":{"line":38,"column":39},"end":{"line":38,"column":48}},{"start":{"line":38,"column":51},"end":{"line":38,"column":61}}]},"3":{"loc":{"start":{"line":46,"column":10},"end":{"line":46,"column":27}},"type":"binary-expr","locations":[{"start":{"line":46,"column":10},"end":{"line":46,"column":27}},{"start":{"line":47,"column":10},"end":{"line":49,"column":null}}]},"4":{"loc":{"start":{"line":53,"column":10},"end":{"line":53,"column":30}},"type":"binary-expr","locations":[{"start":{"line":53,"column":10},"end":{"line":53,"column":30}},{"start":{"line":54,"column":10},"end":{"line":56,"column":null}}]},"5":{"loc":{"start":{"line":60,"column":10},"end":{"line":60,"column":23}},"type":"binary-expr","locations":[{"start":{"line":60,"column":10},"end":{"line":60,"column":23}},{"start":{"line":61,"column":10},"end":{"line":62,"column":null}}]},"6":{"loc":{"start":{"line":74,"column":30},"end":{"line":74,"column":31}},"type":"default-arg","locations":[{"start":{"line":74,"column":30},"end":{"line":74,"column":31}}]},"7":{"loc":{"start":{"line":74,"column":53},"end":{"line":74,"column":55}},"type":"default-arg","locations":[{"start":{"line":74,"column":53},"end":{"line":74,"column":55}}]},"8":{"loc":{"start":{"line":78,"column":8},"end":{"line":95,"column":null}},"type":"if","locations":[{"start":{"line":78,"column":8},"end":{"line":95,"column":null}},{"start":{"line":78,"column":8},"end":{"line":95,"column":null}}]},"9":{"loc":{"start":{"line":81,"column":31},"end":{"line":81,"column":63}},"type":"binary-expr","locations":[{"start":{"line":81,"column":31},"end":{"line":81,"column":63}},{"start":{"line":81,"column":67},"end":{"line":81,"column":71}}]},"10":{"loc":{"start":{"line":87,"column":10},"end":{"line":94,"column":null}},"type":"if","locations":[{"start":{"line":87,"column":10},"end":{"line":94,"column":null}},{"start":{"line":87,"column":10},"end":{"line":94,"column":null}}]},"11":{"loc":{"start":{"line":136,"column":4},"end":{"line":138,"column":null}},"type":"if","locations":[{"start":{"line":136,"column":4},"end":{"line":138,"column":null}},{"start":{"line":136,"column":4},"end":{"line":138,"column":null}}]},"12":{"loc":{"start":{"line":140,"column":58},"end":{"line":140,"column":61}},"type":"cond-expr","locations":[{"start":{"line":140,"column":58},"end":{"line":140,"column":61}},{"start":{"line":140,"column":64},"end":{"line":140,"column":67}}]},"13":{"loc":{"start":{"line":147,"column":6},"end":{"line":150,"column":null}},"type":"if","locations":[{"start":{"line":147,"column":6},"end":{"line":150,"column":null}},{"start":{"line":147,"column":6},"end":{"line":150,"column":null}}]},"14":{"loc":{"start":{"line":147,"column":10},"end":{"line":147,"column":34}},"type":"binary-expr","locations":[{"start":{"line":147,"column":10},"end":{"line":147,"column":34}},{"start":{"line":147,"column":38},"end":{"line":147,"column":58}},{"start":{"line":147,"column":62},"end":{"line":147,"column":82}}]},"15":{"loc":{"start":{"line":153,"column":4},"end":{"line":156,"column":null}},"type":"if","locations":[{"start":{"line":153,"column":4},"end":{"line":156,"column":null}},{"start":{"line":153,"column":4},"end":{"line":156,"column":null}}]},"16":{"loc":{"start":{"line":188,"column":6},"end":{"line":190,"column":null}},"type":"if","locations":[{"start":{"line":188,"column":6},"end":{"line":190,"column":null}},{"start":{"line":188,"column":6},"end":{"line":190,"column":null}}]},"17":{"loc":{"start":{"line":252,"column":43},"end":{"line":252,"column":62}},"type":"cond-expr","locations":[{"start":{"line":252,"column":43},"end":{"line":252,"column":62}},{"start":{"line":252,"column":65},"end":{"line":252,"column":70}}]}},"s":{"0":1,"1":1,"2":1,"3":1,"4":1,"5":1,"6":1,"7":1,"8":1,"9":1,"10":1,"11":1,"12":1,"13":1,"14":1,"15":1,"16":1,"17":50,"18":50,"19":5,"20":5,"21":5,"22":10,"23":4,"24":4,"25":6,"26":5,"27":2,"28":2,"29":4,"30":4,"31":4,"32":2,"33":3,"34":50,"35":5,"36":50,"37":2,"38":50,"39":3,"40":3,"41":3,"42":3,"43":6,"44":50,"45":11,"46":11,"47":11,"48":50,"49":50,"50":50,"51":172,"52":172,"53":344,"54":172,"55":344,"56":172,"57":1548,"58":94,"59":51,"60":64,"61":64,"62":62,"63":2,"64":2,"65":2,"66":1,"67":1,"68":35,"69":35,"70":35,"71":35,"72":1,"73":34,"74":34,"75":34,"76":244,"77":390,"78":244,"79":73,"80":244,"81":8,"82":8,"83":26,"84":1,"85":1,"86":25,"87":5,"88":5,"89":5,"90":5,"91":5,"92":44,"93":103,"94":42,"95":2,"96":305,"97":2,"98":2,"99":2,"100":62,"101":62,"102":62,"103":124,"104":62,"105":62,"106":62,"107":558,"108":62,"109":124,"110":62,"111":1},"f":{"0":50,"1":5,"2":4,"3":5,"4":2,"5":3,"6":11,"7":172,"8":344,"9":344,"10":1548,"11":94,"12":51,"13":64,"14":64,"15":35,"16":390,"17":73,"18":5,"19":44,"20":305,"21":2,"22":62,"23":124,"24":124},"b":{"0":[4,6],"1":[2,3],"2":[5,167],"3":[172,47],"4":[172,17],"5":[172,119],"6":[63],"7":[63],"8":[62,2],"9":[62,53],"10":[1,1],"11":[1,34],"12":[30,4],"13":[8,236],"14":[244,57,16],"15":[1,25],"16":[42,61],"17":[12,50]}}
,"/Users/c230375/Documents/tictactoeREACT/src/components/Toolbar/index.tsx": {"path":"/Users/c230375/Documents/tictactoeREACT/src/components/Toolbar/index.tsx","statementMap":{"0":{"start":{"line":1,"column":0},"end":{"line":1,"column":26}},"1":{"start":{"line":2,"column":0},"end":{"line":2,"column":39}},"2":{"start":{"line":5,"column":16},"end":{"line":14,"column":2}},"3":{"start":{"line":8,"column":37},"end":{"line":8,"column":52}},"4":{"start":{"line":9,"column":41},"end":{"line":9,"column":58}},"5":{"start":{"line":16,"column":14},"end":{"line":22,"column":2}},"6":{"start":{"line":21,"column":26},"end":{"line":21,"column":42}},"7":{"start":{"line":24,"column":14},"end":{"line":37,"column":2}},"8":{"start":{"line":27,"column":26},"end":{"line":27,"column":42}},"9":{"start":{"line":34,"column":33},"end":{"line":34,"column":50}},"10":{"start":{"line":35,"column":28},"end":{"line":35,"column":43}},"11":{"start":{"line":39,"column":20},"end":{"line":44,"column":2}},"12":{"start":{"line":46,"column":0},"end":{"line":51,"column":13}},"13":{"start":{"line":47,"column":2},"end":{"line":50,"column":null}}},"fnMap":{"0":{"name":"(anonymous_1)","decl":{"start":{"line":8,"column":22},"end":{"line":8,"column":23}},"loc":{"start":{"line":8,"column":37},"end":{"line":8,"column":52}}},"1":{"name":"(anonymous_2)","decl":{"start":{"line":9,"column":26},"end":{"line":9,"column":27}},"loc":{"start":{"line":9,"column":41},"end":{"line":9,"column":58}}},"2":{"name":"(anonymous_3)","decl":{"start":{"line":21,"column":11},"end":{"line":21,"column":12}},"loc":{"start":{"line":21,"column":26},"end":{"line":21,"column":42}}},"3":{"name":"(anonymous_4)","decl":{"start":{"line":27,"column":11},"end":{"line":27,"column":12}},"loc":{"start":{"line":27,"column":26},"end":{"line":27,"column":42}}},"4":{"name":"(anonymous_5)","decl":{"start":{"line":34,"column":18},"end":{"line":34,"column":19}},"loc":{"start":{"line":34,"column":33},"end":{"line":34,"column":50}}},"5":{"name":"(anonymous_6)","decl":{"start":{"line":35,"column":13},"end":{"line":35,"column":14}},"loc":{"start":{"line":35,"column":28},"end":{"line":35,"column":43}}},"6":{"name":"(anonymous_7)","decl":{"start":{"line":46,"column":15},"end":{"line":46,"column":16}},"loc":{"start":{"line":47,"column":2},"end":{"line":50,"column":null}}}},"branchMap":{},"s":{"0":2,"1":2,"2":2,"3":0,"4":0,"5":2,"6":0,"7":2,"8":0,"9":0,"10":0,"11":2,"12":2,"13":4},"f":{"0":0,"1":0,"2":0,"3":0,"4":0,"5":0,"6":4},"b":{}}
,"/Users/c230375/Documents/tictactoeREACT/src/components/Toolbar/IconButton/index.tsx": {"path":"/Users/c230375/Documents/tictactoeREACT/src/components/Toolbar/IconButton/index.tsx","statementMap":{"0":{"start":{"line":1,"column":0},"end":{"line":1,"column":26}},"1":{"start":{"line":2,"column":0},"end":{"line":2,"column":39}},"2":{"start":{"line":5,"column":15},"end":{"line":12,"column":2}},"3":{"start":{"line":9,"column":31},"end":{"line":9,"column":46}},"4":{"start":{"line":14,"column":13},"end":{"line":17,"column":2}},"5":{"start":{"line":16,"column":26},"end":{"line":16,"column":42}},"6":{"start":{"line":19,"column":0},"end":{"line":22,"column":12}},"7":{"start":{"line":20,"column":2},"end":{"line":21,"column":null}}},"fnMap":{"0":{"name":"(anonymous_1)","decl":{"start":{"line":9,"column":16},"end":{"line":9,"column":17}},"loc":{"start":{"line":9,"column":31},"end":{"line":9,"column":46}}},"1":{"name":"(anonymous_2)","decl":{"start":{"line":16,"column":11},"end":{"line":16,"column":12}},"loc":{"start":{"line":16,"column":26},"end":{"line":16,"column":42}}},"2":{"name":"(anonymous_3)","decl":{"start":{"line":19,"column":15},"end":{"line":19,"column":16}},"loc":{"start":{"line":20,"column":2},"end":{"line":21,"column":null}}}},"branchMap":{},"s":{"0":2,"1":2,"2":2,"3":0,"4":2,"5":0,"6":2,"7":3},"f":{"0":0,"1":0,"2":3},"b":{}}
,"/Users/c230375/Documents/tictactoeREACT/src/model/Player.tsx": {"path":"/Users/c230375/Documents/tictactoeREACT/src/model/Player.tsx","statementMap":{"0":{"start":{"line":9,"column":4},"end":{"line":9,"column":21}},"1":{"start":{"line":10,"column":4},"end":{"line":10,"column":20}},"2":{"start":{"line":1,"column":0},"end":{"line":1,"column":21}},"3":{"start":{"line":2,"column":16},"end":{"line":2,"column":22}},"4":{"start":{"line":3,"column":16},"end":{"line":3,"column":22}}},"fnMap":{"0":{"name":"(anonymous_0)","decl":{"start":{"line":8,"column":2},"end":{"line":8,"column":14}},"loc":{"start":{"line":8,"column":23},"end":{"line":11,"column":3}}}},"branchMap":{"0":{"loc":{"start":{"line":8,"column":21},"end":{"line":8,"column":23}},"type":"default-arg","locations":[{"start":{"line":8,"column":21},"end":{"line":8,"column":23}}]}},"s":{"0":133,"1":133,"2":2,"3":2,"4":2},"f":{"0":133},"b":{"0":[0]}}
,"/Users/c230375/Documents/tictactoeREACT/src/rest/API_Endpoint.tsx": {"path":"/Users/c230375/Documents/tictactoeREACT/src/rest/API_Endpoint.tsx","statementMap":{"0":{"start":{"line":1,"column":0},"end":{"line":1,"column":42}}},"fnMap":{},"branchMap":{},"s":{"0":2},"f":{},"b":{}}
,"/Users/c230375/Documents/tictactoeREACT/src/rest/PlayerHandler.tsx": {"path":"/Users/c230375/Documents/tictactoeREACT/src/rest/PlayerHandler.tsx","statementMap":{"0":{"start":{"line":2,"column":0},"end":{"line":2,"column":42}},"1":{"start":{"line":52,"column":2},"end":{"line":55,"column":null}},"2":{"start":{"line":53,"column":4},"end":{"line":53,"column":60}},"3":{"start":{"line":54,"column":4},"end":{"line":54,"column":33}},"4":{"start":{"line":9,"column":4},"end":{"line":9,"column":61}},"5":{"start":{"line":10,"column":4},"end":{"line":10,"column":27}},"6":{"start":{"line":14,"column":4},"end":{"line":26,"column":32}},"7":{"start":{"line":21,"column":24},"end":{"line":21,"column":39}},"8":{"start":{"line":23,"column":8},"end":{"line":23,"column":33}},"9":{"start":{"line":24,"column":8},"end":{"line":24,"column":50}},"10":{"start":{"line":32,"column":4},"end":{"line":39,"column":null}},"11":{"start":{"line":33,"column":6},"end":{"line":33,"column":38}},"12":{"start":{"line":35,"column":6},"end":{"line":38,"column":36}},"13":{"start":{"line":37,"column":28},"end":{"line":37,"column":43}},"14":{"start":{"line":41,"column":4},"end":{"line":41,"column":19}},"15":{"start":{"line":45,"column":4},"end":{"line":49,"column":null}},"16":{"start":{"line":46,"column":6},"end":{"line":48,"column":34}},"17":{"start":{"line":4,"column":0},"end":{"line":4,"column":21}}},"fnMap":{"0":{"name":"(anonymous_1)","decl":{"start":{"line":8,"column":2},"end":{"line":8,"column":14}},"loc":{"start":{"line":8,"column":48},"end":{"line":11,"column":3}}},"1":{"name":"(anonymous_2)","decl":{"start":{"line":52,"column":17},"end":{"line":52,"column":35}},"loc":{"start":{"line":52,"column":37},"end":{"line":55,"column":3}}},"2":{"name":"(anonymous_3)","decl":{"start":{"line":13,"column":2},"end":{"line":13,"column":12}},"loc":{"start":{"line":13,"column":39},"end":{"line":27,"column":3}}},"3":{"name":"(anonymous_4)","decl":{"start":{"line":21,"column":12},"end":{"line":21,"column":20}},"loc":{"start":{"line":21,"column":24},"end":{"line":21,"column":39}}},"4":{"name":"(anonymous_5)","decl":{"start":{"line":22,"column":12},"end":{"line":22,"column":20}},"loc":{"start":{"line":22,"column":23},"end":{"line":25,"column":7}}},"5":{"name":"(anonymous_6)","decl":{"start":{"line":29,"column":2},"end":{"line":29,"column":12}},"loc":{"start":{"line":29,"column":23},"end":{"line":42,"column":3}}},"6":{"name":"(anonymous_7)","decl":{"start":{"line":37,"column":16},"end":{"line":37,"column":24}},"loc":{"start":{"line":37,"column":28},"end":{"line":37,"column":43}}},"7":{"name":"(anonymous_8)","decl":{"start":{"line":44,"column":2},"end":{"line":44,"column":14}},"loc":{"start":{"line":44,"column":25},"end":{"line":50,"column":3}}}},"branchMap":{"0":{"loc":{"start":{"line":9,"column":20},"end":{"line":9,"column":51}},"type":"binary-expr","locations":[{"start":{"line":9,"column":20},"end":{"line":9,"column":51}},{"start":{"line":9,"column":55},"end":{"line":9,"column":60}}]},"1":{"loc":{"start":{"line":32,"column":4},"end":{"line":39,"column":null}},"type":"if","locations":[{"start":{"line":32,"column":4},"end":{"line":39,"column":null}},{"start":{"line":32,"column":4},"end":{"line":39,"column":null}}]},"2":{"loc":{"start":{"line":45,"column":4},"end":{"line":49,"column":null}},"type":"if","locations":[{"start":{"line":45,"column":4},"end":{"line":49,"column":null}},{"start":{"line":45,"column":4},"end":{"line":49,"column":null}}]}},"s":{"0":2,"1":59,"2":1,"3":1,"4":59,"5":59,"6":2,"7":2,"8":2,"9":2,"10":62,"11":61,"12":1,"13":1,"14":62,"15":6,"16":1,"17":2},"f":{"0":59,"1":1,"2":2,"3":2,"4":2,"5":62,"6":1,"7":6},"b":{"0":[59,51],"1":[61,1],"2":[1,5]}}
,"/Users/c230375/Documents/tictactoeREACT/src/themes/DarkTheme.tsx": {"path":"/Users/c230375/Documents/tictactoeREACT/src/themes/DarkTheme.tsx","statementMap":{"0":{"start":{"line":3,"column":28},"end":{"line":9,"column":null}},"1":{"start":{"line":11,"column":0},"end":{"line":11,"column":25}}},"fnMap":{},"branchMap":{},"s":{"0":1,"1":1},"f":{},"b":{}}
,"/Users/c230375/Documents/tictactoeREACT/src/themes/GlobalStyle.tsx": {"path":"/Users/c230375/Documents/tictactoeREACT/src/themes/GlobalStyle.tsx","statementMap":{"0":{"start":{"line":1,"column":0},"end":{"line":1,"column":54}},"1":{"start":{"line":4,"column":0},"end":{"line":14,"column":2}},"2":{"start":{"line":12,"column":33},"end":{"line":12,"column":49}}},"fnMap":{"0":{"name":"(anonymous_0)","decl":{"start":{"line":12,"column":18},"end":{"line":12,"column":19}},"loc":{"start":{"line":12,"column":33},"end":{"line":12,"column":49}}}},"branchMap":{},"s":{"0":1,"1":1,"2":0},"f":{"0":0},"b":{}}
,"/Users/c230375/Documents/tictactoeREACT/src/themes/LightTheme.tsx": {"path":"/Users/c230375/Documents/tictactoeREACT/src/themes/LightTheme.tsx","statementMap":{"0":{"start":{"line":3,"column":29},"end":{"line":9,"column":null}},"1":{"start":{"line":11,"column":0},"end":{"line":11,"column":26}}},"fnMap":{},"branchMap":{},"s":{"0":1,"1":1},"f":{},"b":{}}
}
