{"/Users/c230375/Documents/tictactoeREACT/src/components/Page/index.tsx": {"path":"/Users/c230375/Documents/tictactoeREACT/src/components/Page/index.tsx","statementMap":{"0":{"start":{"line":1,"column":0},"end":{"line":1,"column":59}},"1":{"start":{"line":2,"column":0},"end":{"line":2,"column":45}},"2":{"start":{"line":3,"column":0},"end":{"line":3,"column":50}},"3":{"start":{"line":4,"column":0},"end":{"line":4,"column":40}},"4":{"start":{"line":5,"column":0},"end":{"line":5,"column":53}},"5":{"start":{"line":6,"column":0},"end":{"line":6,"column":47}},"6":{"start":{"line":7,"column":0},"end":{"line":7,"column":51}},"7":{"start":{"line":8,"column":0},"end":{"line":8,"column":49}},"8":{"start":{"line":9,"column":0},"end":{"line":9,"column":29}},"9":{"start":{"line":10,"column":0},"end":{"line":10,"column":35}},"10":{"start":{"line":11,"column":0},"end":{"line":11,"column":31}},"11":{"start":{"line":12,"column":0},"end":{"line":12,"column":44}},"12":{"start":{"line":13,"column":0},"end":{"line":13,"column":38}},"13":{"start":{"line":14,"column":0},"end":{"line":14,"column":44}},"14":{"start":{"line":15,"column":0},"end":{"line":15,"column":36}},"15":{"start":{"line":16,"column":0},"end":{"line":16,"column":33}},"16":{"start":{"line":17,"column":0},"end":{"line":17,"column":47}},"17":{"start":{"line":25,"column":4},"end":{"line":25,"column":17}},"18":{"start":{"line":99,"column":2},"end":{"line":129,"column":null}},"19":{"start":{"line":100,"column":23},"end":{"line":100,"column":49}},"20":{"start":{"line":101,"column":28},"end":{"line":101,"column":32}},"21":{"start":{"line":103,"column":4},"end":{"line":110,"column":null}},"22":{"start":{"line":104,"column":6},"end":{"line":109,"column":null}},"23":{"start":{"line":105,"column":8},"end":{"line":105,"column":29}},"24":{"start":{"line":106,"column":8},"end":{"line":106,"column":34}},"25":{"start":{"line":108,"column":8},"end":{"line":108,"column":28}},"26":{"start":{"line":112,"column":4},"end":{"line":128,"column":null}},"27":{"start":{"line":113,"column":22},"end":{"line":113,"column":29}},"28":{"start":{"line":115,"column":6},"end":{"line":120,"column":9}},"29":{"start":{"line":116,"column":23},"end":{"line":116,"column":39}},"30":{"start":{"line":118,"column":8},"end":{"line":118,"column":29}},"31":{"start":{"line":119,"column":8},"end":{"line":119,"column":null}},"32":{"start":{"line":122,"column":6},"end":{"line":125,"column":9}},"33":{"start":{"line":127,"column":6},"end":{"line":127,"column":36}},"34":{"start":{"line":171,"column":2},"end":{"line":178,"column":null}},"35":{"start":{"line":172,"column":4},"end":{"line":177,"column":7}},"36":{"start":{"line":180,"column":2},"end":{"line":184,"column":null}},"37":{"start":{"line":181,"column":4},"end":{"line":183,"column":7}},"38":{"start":{"line":196,"column":2},"end":{"line":202,"column":null}},"39":{"start":{"line":197,"column":4},"end":{"line":197,"column":20}},"40":{"start":{"line":199,"column":4},"end":{"line":201,"column":null}},"41":{"start":{"line":199,"column":21},"end":{"line":199,"column":22}},"42":{"start":{"line":199,"column":30},"end":{"line":199,"column":55}},"43":{"start":{"line":200,"column":6},"end":{"line":200,"column":46}},"44":{"start":{"line":215,"column":2},"end":{"line":220,"column":null}},"45":{"start":{"line":216,"column":4},"end":{"line":216,"column":20}},"46":{"start":{"line":218,"column":4},"end":{"line":218,"column":38}},"47":{"start":{"line":219,"column":4},"end":{"line":219,"column":26}},"48":{"start":{"line":27,"column":4},"end":{"line":27,"column":66}},"49":{"start":{"line":28,"column":4},"end":{"line":28,"column":20}},"50":{"start":{"line":29,"column":4},"end":{"line":29,"column":36}},"51":{"start":{"line":33,"column":119},"end":{"line":33,"column":129}},"52":{"start":{"line":34,"column":17},"end":{"line":34,"column":47}},"53":{"start":{"line":34,"column":37},"end":{"line":34,"column":46}},"54":{"start":{"line":35,"column":19},"end":{"line":35,"column":51}},"55":{"start":{"line":35,"column":39},"end":{"line":35,"column":50}},"56":{"start":{"line":37,"column":4},"end":{"line":66,"column":6}},"57":{"start":{"line":44,"column":60},"end":{"line":44,"column":117}},"58":{"start":{"line":48,"column":91},"end":{"line":48,"column":208}},"59":{"start":{"line":71,"column":4},"end":{"line":71,"column":26}},"60":{"start":{"line":75,"column":4},"end":{"line":96,"column":9}},"61":{"start":{"line":78,"column":8},"end":{"line":95,"column":null}},"62":{"start":{"line":79,"column":10},"end":{"line":82,"column":13}},"63":{"start":{"line":84,"column":10},"end":{"line":84,"column":15}},"64":{"start":{"line":85,"column":10},"end":{"line":85,"column":31}},"65":{"start":{"line":87,"column":10},"end":{"line":94,"column":null}},"66":{"start":{"line":88,"column":12},"end":{"line":91,"column":15}},"67":{"start":{"line":93,"column":12},"end":{"line":93,"column":45}},"68":{"start":{"line":132,"column":41},"end":{"line":132,"column":129}},"69":{"start":{"line":133,"column":26},"end":{"line":133,"column":65}},"70":{"start":{"line":134,"column":19},"end":{"line":134,"column":41}},"71":{"start":{"line":136,"column":4},"end":{"line":138,"column":null}},"72":{"start":{"line":137,"column":6},"end":{"line":137,"column":13}},"73":{"start":{"line":140,"column":4},"end":{"line":140,"column":69}},"74":{"start":{"line":141,"column":4},"end":{"line":141,"column":30}},"75":{"start":{"line":143,"column":4},"end":{"line":151,"column":null}},"76":{"start":{"line":144,"column":20},"end":{"line":144,"column":73}},"77":{"start":{"line":144,"column":39},"end":{"line":144,"column":73}},"78":{"start":{"line":145,"column":29},"end":{"line":145,"column":96}},"79":{"start":{"line":145,"column":65},"end":{"line":145,"column":96}},"80":{"start":{"line":147,"column":6},"end":{"line":150,"column":null}},"81":{"start":{"line":148,"column":8},"end":{"line":148,"column":43}},"82":{"start":{"line":149,"column":8},"end":{"line":149,"column":15}},"83":{"start":{"line":153,"column":4},"end":{"line":156,"column":null}},"84":{"start":{"line":154,"column":6},"end":{"line":154,"column":45}},"85":{"start":{"line":155,"column":6},"end":{"line":155,"column":13}},"86":{"start":{"line":158,"column":4},"end":{"line":158,"column":18}},"87":{"start":{"line":162,"column":20},"end":{"line":162,"column":43}},"88":{"start":{"line":163,"column":4},"end":{"line":163,"column":25}},"89":{"start":{"line":165,"column":4},"end":{"line":165,"column":52}},"90":{"start":{"line":166,"column":4},"end":{"line":166,"column":31}},"91":{"start":{"line":168,"column":4},"end":{"line":168,"column":62}},"92":{"start":{"line":187,"column":4},"end":{"line":191,"column":null}},"93":{"start":{"line":188,"column":6},"end":{"line":190,"column":null}},"94":{"start":{"line":189,"column":8},"end":{"line":189,"column":21}},"95":{"start":{"line":193,"column":4},"end":{"line":193,"column":16}},"96":{"start":{"line":205,"column":4},"end":{"line":205,"column":30}},"97":{"start":{"line":209,"column":23},"end":{"line":209,"column":49}},"98":{"start":{"line":210,"column":4},"end":{"line":210,"column":49}},"99":{"start":{"line":212,"column":4},"end":{"line":212,"column":34}},"100":{"start":{"line":223,"column":20},"end":{"line":223,"column":30}},"101":{"start":{"line":224,"column":24},"end":{"line":224,"column":25}},"102":{"start":{"line":226,"column":20},"end":{"line":226,"column":57}},"103":{"start":{"line":226,"column":40},"end":{"line":226,"column":56}},"104":{"start":{"line":227,"column":19},"end":{"line":227,"column":37}},"105":{"start":{"line":229,"column":4},"end":{"line":234,"column":null}},"106":{"start":{"line":229,"column":21},"end":{"line":229,"column":22}},"107":{"start":{"line":230,"column":6},"end":{"line":233,"column":null}},"108":{"start":{"line":236,"column":23},"end":{"line":242,"column":7}},"109":{"start":{"line":236,"column":53},"end":{"line":242,"column":6}},"110":{"start":{"line":244,"column":4},"end":{"line":253,"column":null}},"111":{"start":{"line":20,"column":0},"end":{"line":20,"column":21}}},"fnMap":{"0":{"name":"(anonymous_2)","decl":{"start":{"line":24,"column":2},"end":{"line":24,"column":14}},"loc":{"start":{"line":24,"column":23},"end":{"line":30,"column":3}}},"1":{"name":"(anonymous_3)","decl":{"start":{"line":99,"column":17},"end":{"line":99,"column":20}},"loc":{"start":{"line":99,"column":22},"end":{"line":129,"column":3}}},"2":{"name":"(anonymous_4)","decl":{"start":{"line":115,"column":25},"end":{"line":115,"column":26}},"loc":{"start":{"line":115,"column":52},"end":{"line":120,"column":7}}},"3":{"name":"(anonymous_5)","decl":{"start":{"line":171,"column":20},"end":{"line":171,"column":21}},"loc":{"start":{"line":171,"column":40},"end":{"line":178,"column":3}}},"4":{"name":"(anonymous_6)","decl":{"start":{"line":180,"column":17},"end":{"line":180,"column":20}},"loc":{"start":{"line":180,"column":22},"end":{"line":184,"column":3}}},"5":{"name":"(anonymous_7)","decl":{"start":{"line":196,"column":16},"end":{"line":196,"column":25}},"loc":{"start":{"line":196,"column":27},"end":{"line":202,"column":3}}},"6":{"name":"(anonymous_8)","decl":{"start":{"line":215,"column":13},"end":{"line":215,"column":22}},"loc":{"start":{"line":215,"column":24},"end":{"line":220,"column":3}}},"7":{"name":"(anonymous_9)","decl":{"start":{"line":32,"column":2},"end":{"line":32,"column":8}},"loc":{"start":{"line":32,"column":8},"end":{"line":67,"column":3}}},"8":{"name":"(anonymous_10)","decl":{"start":{"line":34,"column":29},"end":{"line":34,"column":33}},"loc":{"start":{"line":34,"column":37},"end":{"line":34,"column":46}}},"9":{"name":"(anonymous_11)","decl":{"start":{"line":35,"column":31},"end":{"line":35,"column":35}},"loc":{"start":{"line":35,"column":39},"end":{"line":35,"column":50}}},"10":{"name":"(anonymous_12)","decl":{"start":{"line":44,"column":27},"end":{"line":44,"column":28}},"loc":{"start":{"line":44,"column":60},"end":{"line":44,"column":117}}},"11":{"name":"(anonymous_13)","decl":{"start":{"line":48,"column":30},"end":{"line":48,"column":31}},"loc":{"start":{"line":48,"column":91},"end":{"line":48,"column":208}}},"12":{"name":"(anonymous_14)","decl":{"start":{"line":69,"column":2},"end":{"line":69,"column":19}},"loc":{"start":{"line":69,"column":19},"end":{"line":72,"column":3}}},"13":{"name":"(anonymous_15)","decl":{"start":{"line":74,"column":2},"end":{"line":74,"column":16}},"loc":{"start":{"line":74,"column":55},"end":{"line":97,"column":3}}},"14":{"name":"(anonymous_16)","decl":{"start":{"line":77,"column":12},"end":{"line":77,"column":13}},"loc":{"start":{"line":77,"column":23},"end":{"line":96,"column":7}}},"15":{"name":"(anonymous_17)","decl":{"start":{"line":131,"column":2},"end":{"line":131,"column":14}},"loc":{"start":{"line":131,"column":28},"end":{"line":159,"column":3}}},"16":{"name":"(anonymous_18)","decl":{"start":{"line":144,"column":20},"end":{"line":144,"column":21}},"loc":{"start":{"line":144,"column":39},"end":{"line":144,"column":73}}},"17":{"name":"(anonymous_19)","decl":{"start":{"line":145,"column":29},"end":{"line":145,"column":30}},"loc":{"start":{"line":145,"column":65},"end":{"line":145,"column":96}}},"18":{"name":"(anonymous_20)","decl":{"start":{"line":161,"column":2},"end":{"line":161,"column":16}},"loc":{"start":{"line":161,"column":27},"end":{"line":169,"column":3}}},"19":{"name":"(anonymous_21)","decl":{"start":{"line":186,"column":2},"end":{"line":186,"column":14}},"loc":{"start":{"line":186,"column":38},"end":{"line":194,"column":3}}},"20":{"name":"(anonymous_22)","decl":{"start":{"line":204,"column":2},"end":{"line":204,"column":10}},"loc":{"start":{"line":204,"column":23},"end":{"line":206,"column":3}}},"21":{"name":"(anonymous_23)","decl":{"start":{"line":208,"column":2},"end":{"line":208,"column":11}},"loc":{"start":{"line":208,"column":69},"end":{"line":213,"column":3}}},"22":{"name":"(anonymous_24)","decl":{"start":{"line":222,"column":2},"end":{"line":222,"column":6}},"loc":{"start":{"line":222,"column":19},"end":{"line":254,"column":3}}},"23":{"name":"(anonymous_25)","decl":{"start":{"line":226,"column":32},"end":{"line":226,"column":36}},"loc":{"start":{"line":226,"column":40},"end":{"line":226,"column":56}}},"24":{"name":"(anonymous_26)","decl":{"start":{"line":236,"column":35},"end":{"line":236,"column":36}},"loc":{"start":{"line":236,"column":53},"end":{"line":242,"column":6}}}},"branchMap":{"0":{"loc":{"start":{"line":104,"column":6},"end":{"line":109,"column":null}},"type":"if","locations":[{"start":{"line":104,"column":6},"end":{"line":109,"column":null}},{"start":{"line":104,"column":6},"end":{"line":109,"column":null}}]},"1":{"loc":{"start":{"line":112,"column":4},"end":{"line":128,"column":null}},"type":"if","locations":[{"start":{"line":112,"column":4},"end":{"line":128,"column":null}},{"start":{"line":112,"column":4},"end":{"line":128,"column":null}}]},"2":{"loc":{"start":{"line":38,"column":39},"end":{"line":38,"column":48}},"type":"cond-expr","locations":[{"start":{"line":38,"column":39},"end":{"line":38,"column":48}},{"start":{"line":38,"column":51},"end":{"line":38,"column":61}}]},"3":{"loc":{"start":{"line":46,"column":10},"end":{"line":46,"column":27}},"type":"binary-expr","locations":[{"start":{"line":46,"column":10},"end":{"line":46,"column":27}},{"start":{"line":47,"column":10},"end":{"line":49,"column":null}}]},"4":{"loc":{"start":{"line":53,"column":10},"end":{"line":53,"column":30}},"type":"binary-expr","locations":[{"start":{"line":53,"column":10},"end":{"line":53,"column":30}},{"start":{"line":54,"column":10},"end":{"line":56,"column":null}}]},"5":{"loc":{"start":{"line":60,"column":10},"end":{"line":60,"column":23}},"type":"binary-expr","locations":[{"start":{"line":60,"column":10},"end":{"line":60,"column":23}},{"start":{"line":61,"column":10},"end":{"line":62,"column":null}}]},"6":{"loc":{"start":{"line":74,"column":30},"end":{"line":74,"column":31}},"type":"default-arg","locations":[{"start":{"line":74,"column":30},"end":{"line":74,"column":31}}]},"7":{"loc":{"start":{"line":74,"column":53},"end":{"line":74,"column":55}},"type":"default-arg","locations":[{"start":{"line":74,"column":53},"end":{"line":74,"column":55}}]},"8":{"loc":{"start":{"line":78,"column":8},"end":{"line":95,"column":null}},"type":"if","locations":[{"start":{"line":78,"column":8},"end":{"line":95,"column":null}},{"start":{"line":78,"column":8},"end":{"line":95,"column":null}}]},"9":{"loc":{"start":{"line":81,"column":31},"end":{"line":81,"column":63}},"type":"binary-expr","locations":[{"start":{"line":81,"column":31},"end":{"line":81,"column":63}},{"start":{"line":81,"column":67},"end":{"line":81,"column":71}}]},"10":{"loc":{"start":{"line":87,"column":10},"end":{"line":94,"column":null}},"type":"if","locations":[{"start":{"line":87,"column":10},"end":{"line":94,"column":null}},{"start":{"line":87,"column":10},"end":{"line":94,"column":null}}]},"11":{"loc":{"start":{"line":136,"column":4},"end":{"line":138,"column":null}},"type":"if","locations":[{"start":{"line":136,"column":4},"end":{"line":138,"column":null}},{"start":{"line":136,"column":4},"end":{"line":138,"column":null}}]},"12":{"loc":{"start":{"line":140,"column":58},"end":{"line":140,"column":61}},"type":"cond-expr","locations":[{"start":{"line":140,"column":58},"end":{"line":140,"column":61}},{"start":{"line":140,"column":64},"end":{"line":140,"column":67}}]},"13":{"loc":{"start":{"line":147,"column":6},"end":{"line":150,"column":null}},"type":"if","locations":[{"start":{"line":147,"column":6},"end":{"line":150,"column":null}},{"start":{"line":147,"column":6},"end":{"line":150,"column":null}}]},"14":{"loc":{"start":{"line":147,"column":10},"end":{"line":147,"column":34}},"type":"binary-expr","locations":[{"start":{"line":147,"column":10},"end":{"line":147,"column":34}},{"start":{"line":147,"column":38},"end":{"line":147,"column":58}},{"start":{"line":147,"column":62},"end":{"line":147,"column":82}}]},"15":{"loc":{"start":{"line":153,"column":4},"end":{"line":156,"column":null}},"type":"if","locations":[{"start":{"line":153,"column":4},"end":{"line":156,"column":null}},{"start":{"line":153,"column":4},"end":{"line":156,"column":null}}]},"16":{"loc":{"start":{"line":188,"column":6},"end":{"line":190,"column":null}},"type":"if","locations":[{"start":{"line":188,"column":6},"end":{"line":190,"column":null}},{"start":{"line":188,"column":6},"end":{"line":190,"column":null}}]},"17":{"loc":{"start":{"line":252,"column":43},"end":{"line":252,"column":62}},"type":"cond-expr","locations":[{"start":{"line":252,"column":43},"end":{"line":252,"column":62}},{"start":{"line":252,"column":65},"end":{"line":252,"column":70}}]}},"s":{"0":1,"1":1,"2":1,"3":1,"4":1,"5":1,"6":1,"7":1,"8":1,"9":1,"10":1,"11":1,"12":1,"13":1,"14":1,"15":1,"16":1,"17":18,"18":18,"19":0,"20":0,"21":0,"22":0,"23":0,"24":0,"25":0,"26":0,"27":0,"28":0,"29":0,"30":0,"31":0,"32":0,"33":0,"34":18,"35":0,"36":18,"37":0,"38":18,"39":1,"40":1,"41":1,"42":1,"43":2,"44":18,"45":0,"46":0,"47":0,"48":18,"49":18,"50":18,"51":46,"52":46,"53":92,"54":46,"55":92,"56":46,"57":414,"58":34,"59":18,"60":18,"61":18,"62":18,"63":0,"64":0,"65":0,"66":0,"67":0,"68":0,"69":0,"70":0,"71":0,"72":0,"73":0,"74":0,"75":0,"76":0,"77":0,"78":0,"79":0,"80":0,"81":0,"82":0,"83":0,"84":0,"85":0,"86":0,"87":0,"88":0,"89":0,"90":0,"91":0,"92":0,"93":0,"94":0,"95":0,"96":0,"97":0,"98":0,"99":0,"100":18,"101":18,"102":18,"103":36,"104":18,"105":18,"106":18,"107":162,"108":18,"109":36,"110":18,"111":1},"f":{"0":18,"1":0,"2":0,"3":0,"4":0,"5":1,"6":0,"7":46,"8":92,"9":92,"10":414,"11":34,"12":18,"13":18,"14":18,"15":0,"16":0,"17":0,"18":0,"19":0,"20":0,"21":0,"22":18,"23":36,"24":36},"b":{"0":[0,0],"1":[0,0],"2":[2,44],"3":[46,17],"4":[46,6],"5":[46,24],"6":[18],"7":[18],"8":[18,0],"9":[18,14],"10":[0,0],"11":[0,0],"12":[0,0],"13":[0,0],"14":[0,0,0],"15":[0,0],"16":[0,0],"17":[0,18]}}
,"/Users/c230375/Documents/tictactoeREACT/src/themes/DarkTheme.tsx": {"path":"/Users/c230375/Documents/tictactoeREACT/src/themes/DarkTheme.tsx","statementMap":{"0":{"start":{"line":3,"column":28},"end":{"line":9,"column":null}},"1":{"start":{"line":11,"column":0},"end":{"line":11,"column":25}}},"fnMap":{},"branchMap":{},"s":{"0":1,"1":1},"f":{},"b":{}}
,"/Users/c230375/Documents/tictactoeREACT/src/themes/GlobalStyle.tsx": {"path":"/Users/c230375/Documents/tictactoeREACT/src/themes/GlobalStyle.tsx","statementMap":{"0":{"start":{"line":1,"column":0},"end":{"line":1,"column":54}},"1":{"start":{"line":4,"column":0},"end":{"line":14,"column":2}},"2":{"start":{"line":12,"column":33},"end":{"line":12,"column":49}}},"fnMap":{"0":{"name":"(anonymous_0)","decl":{"start":{"line":12,"column":18},"end":{"line":12,"column":19}},"loc":{"start":{"line":12,"column":33},"end":{"line":12,"column":49}}}},"branchMap":{},"s":{"0":1,"1":1,"2":0},"f":{"0":0},"b":{}}
,"/Users/c230375/Documents/tictactoeREACT/src/themes/LightTheme.tsx": {"path":"/Users/c230375/Documents/tictactoeREACT/src/themes/LightTheme.tsx","statementMap":{"0":{"start":{"line":3,"column":29},"end":{"line":9,"column":null}},"1":{"start":{"line":11,"column":0},"end":{"line":11,"column":26}}},"fnMap":{},"branchMap":{},"s":{"0":1,"1":1},"f":{},"b":{}}
}
