TN:
SF:src/components/Page/index.tsx
FN:24,(anonymous_2)
FN:99,(anonymous_3)
FN:115,(anonymous_4)
FN:171,(anonymous_5)
FN:180,(anonymous_6)
FN:196,(anonymous_7)
FN:215,(anonymous_8)
FN:32,(anonymous_9)
FN:34,(anonymous_10)
FN:35,(anonymous_11)
FN:44,(anonymous_12)
FN:48,(anonymous_13)
FN:69,(anonymous_14)
FN:74,(anonymous_15)
FN:77,(anonymous_16)
FN:131,(anonymous_17)
FN:144,(anonymous_18)
FN:145,(anonymous_19)
FN:161,(anonymous_20)
FN:186,(anonymous_21)
FN:204,(anonymous_22)
FN:208,(anonymous_23)
FN:222,(anonymous_24)
FN:226,(anonymous_25)
FN:236,(anonymous_26)
FNF:25
FNH:13
FNDA:18,(anonymous_2)
FNDA:0,(anonymous_3)
FNDA:0,(anonymous_4)
FNDA:0,(anonymous_5)
FNDA:0,(anonymous_6)
FNDA:1,(anonymous_7)
FNDA:0,(anonymous_8)
FNDA:46,(anonymous_9)
FNDA:92,(anonymous_10)
FNDA:92,(anonymous_11)
FNDA:414,(anonymous_12)
FNDA:34,(anonymous_13)
FNDA:18,(anonymous_14)
FNDA:18,(anonymous_15)
FNDA:18,(anonymous_16)
FNDA:0,(anonymous_17)
FNDA:0,(anonymous_18)
FNDA:0,(anonymous_19)
FNDA:0,(anonymous_20)
FNDA:0,(anonymous_21)
FNDA:0,(anonymous_22)
FNDA:0,(anonymous_23)
FNDA:18,(anonymous_24)
FNDA:36,(anonymous_25)
FNDA:36,(anonymous_26)
DA:1,1
DA:2,1
DA:3,1
DA:4,1
DA:5,1
DA:6,1
DA:7,1
DA:8,1
DA:9,1
DA:10,1
DA:11,1
DA:12,1
DA:13,1
DA:14,1
DA:15,1
DA:16,1
DA:17,1
DA:20,1
DA:25,18
DA:27,18
DA:28,18
DA:29,18
DA:33,46
DA:34,92
DA:35,92
DA:37,46
DA:44,414
DA:48,34
DA:71,18
DA:75,18
DA:78,18
DA:79,18
DA:84,0
DA:85,0
DA:87,0
DA:88,0
DA:93,0
DA:99,18
DA:100,0
DA:101,0
DA:103,0
DA:104,0
DA:105,0
DA:106,0
DA:108,0
DA:112,0
DA:113,0
DA:115,0
DA:116,0
DA:118,0
DA:119,0
DA:122,0
DA:127,0
DA:132,0
DA:133,0
DA:134,0
DA:136,0
DA:137,0
DA:140,0
DA:141,0
DA:143,0
DA:144,0
DA:145,0
DA:147,0
DA:148,0
DA:149,0
DA:153,0
DA:154,0
DA:155,0
DA:158,0
DA:162,0
DA:163,0
DA:165,0
DA:166,0
DA:168,0
DA:171,18
DA:172,0
DA:180,18
DA:181,0
DA:187,0
DA:188,0
DA:189,0
DA:193,0
DA:196,18
DA:197,1
DA:199,1
DA:200,2
DA:205,0
DA:209,0
DA:210,0
DA:212,0
DA:215,18
DA:216,0
DA:218,0
DA:219,0
DA:223,18
DA:224,18
DA:226,36
DA:227,18
DA:229,18
DA:230,162
DA:236,36
DA:244,18
LF:103
LH:48
BRDA:104,0,0,0
BRDA:104,0,1,0
BRDA:112,1,0,0
BRDA:112,1,1,0
BRDA:38,2,0,2
BRDA:38,2,1,44
BRDA:46,3,0,46
BRDA:46,3,1,17
BRDA:53,4,0,46
BRDA:53,4,1,6
BRDA:60,5,0,46
BRDA:60,5,1,24
BRDA:74,6,0,18
BRDA:74,7,0,18
BRDA:78,8,0,18
BRDA:78,8,1,0
BRDA:81,9,0,18
BRDA:81,9,1,14
BRDA:87,10,0,0
BRDA:87,10,1,0
BRDA:136,11,0,0
BRDA:136,11,1,0
BRDA:140,12,0,0
BRDA:140,12,1,0
BRDA:147,13,0,0
BRDA:147,13,1,0
BRDA:147,14,0,0
BRDA:147,14,1,0
BRDA:147,14,2,0
BRDA:153,15,0,0
BRDA:153,15,1,0
BRDA:188,16,0,0
BRDA:188,16,1,0
BRDA:252,17,0,0
BRDA:252,17,1,18
BRF:35
BRH:14
end_of_record
TN:
SF:src/themes/DarkTheme.tsx
FNF:0
FNH:0
DA:3,1
DA:11,1
LF:2
LH:2
BRF:0
BRH:0
end_of_record
TN:
SF:src/themes/GlobalStyle.tsx
FN:12,(anonymous_0)
FNF:1
FNH:0
FNDA:0,(anonymous_0)
DA:1,1
DA:4,1
DA:12,0
LF:3
LH:2
BRF:0
BRH:0
end_of_record
TN:
SF:src/themes/LightTheme.tsx
FNF:0
FNH:0
DA:3,1
DA:11,1
LF:2
LH:2
BRF:0
BRH:0
end_of_record
