TN:
SF:src/components/Board/index.tsx
FN:15,(anonymous_1)
FN:16,(anonymous_2)
FN:20,(anonymous_3)
FNF:3
FNH:1
FNDA:0,(anonymous_1)
FNDA:0,(anonymous_2)
FNDA:2,(anonymous_3)
DA:1,2
DA:2,2
DA:5,2
DA:9,2
DA:15,0
DA:16,0
DA:20,2
DA:23,2
LF:8
LH:6
BRF:0
BRH:0
end_of_record
TN:
SF:src/components/Board/Field/index.tsx
FN:22,(anonymous_1)
FN:23,(anonymous_2)
FN:28,(anonymous_3)
FNF:3
FNH:1
FNDA:0,(anonymous_1)
FNDA:0,(anonymous_2)
FNDA:3,(anonymous_3)
DA:1,2
DA:2,2
DA:5,2
DA:16,2
DA:22,0
DA:23,0
DA:28,2
DA:29,3
LF:8
LH:6
BRF:0
BRH:0
end_of_record
TN:
SF:src/components/Dialog/index.tsx
FN:15,(anonymous_1)
FN:22,(anonymous_2)
FN:23,(anonymous_3)
FN:27,(anonymous_4)
FNF:4
FNH:1
FNDA:0,(anonymous_1)
FNDA:0,(anonymous_2)
FNDA:0,(anonymous_3)
FNDA:2,(anonymous_4)
DA:1,2
DA:2,2
DA:5,2
DA:15,0
DA:18,2
DA:22,0
DA:23,0
DA:27,2
DA:29,2
LF:9
LH:6
BRF:0
BRH:0
end_of_record
TN:
SF:src/components/Dialog/Button/index.tsx
FN:11,(anonymous_1)
FN:12,(anonymous_2)
FN:16,(anonymous_3)
FNF:3
FNH:1
FNDA:0,(anonymous_1)
FNDA:0,(anonymous_2)
FNDA:3,(anonymous_3)
DA:1,2
DA:2,2
DA:5,2
DA:11,0
DA:12,0
DA:16,2
DA:17,3
LF:7
LH:5
BRF:0
BRH:0
end_of_record
TN:
SF:src/components/Dialog/Loader/index.tsx
FN:20,(anonymous_2)
FN:21,(anonymous_3)
FN:26,(anonymous_4)
FNF:3
FNH:1
FNDA:0,(anonymous_2)
FNDA:0,(anonymous_3)
FNDA:1,(anonymous_4)
DA:1,2
DA:2,2
DA:4,2
DA:5,2
DA:7,2
DA:16,2
DA:20,0
DA:21,0
DA:26,2
LF:9
LH:7
BRF:0
BRH:0
end_of_record
TN:
SF:src/components/Dialog/TextField/index.tsx
FN:9,(anonymous_1)
FN:18,(anonymous_2)
FN:19,(anonymous_3)
FN:24,(anonymous_4)
FNF:4
FNH:1
FNDA:0,(anonymous_1)
FNDA:0,(anonymous_2)
FNDA:0,(anonymous_3)
FNDA:7,(anonymous_4)
DA:1,2
DA:2,2
DA:5,2
DA:9,0
DA:12,2
DA:18,0
DA:19,0
DA:24,2
DA:25,7
LF:9
LH:6
BRDA:19,0,0,0
BRDA:19,0,1,0
BRF:2
BRH:0
end_of_record
TN:
SF:src/components/Dialog/Title/index.tsx
FN:12,(anonymous_1)
FNF:1
FNH:1
FNDA:2,(anonymous_1)
DA:1,2
DA:2,2
DA:5,2
DA:12,2
DA:13,2
LF:5
LH:5
BRF:0
BRH:0
end_of_record
TN:
SF:src/components/Page/index.tsx
FN:24,(anonymous_2)
FN:99,(anonymous_3)
FN:115,(anonymous_4)
FN:171,(anonymous_5)
FN:180,(anonymous_6)
FN:196,(anonymous_7)
FN:215,(anonymous_8)
FN:32,(anonymous_9)
FN:34,(anonymous_10)
FN:35,(anonymous_11)
FN:44,(anonymous_12)
FN:48,(anonymous_13)
FN:69,(anonymous_14)
FN:74,(anonymous_15)
FN:77,(anonymous_16)
FN:131,(anonymous_17)
FN:144,(anonymous_18)
FN:145,(anonymous_19)
FN:161,(anonymous_20)
FN:186,(anonymous_21)
FN:204,(anonymous_22)
FN:208,(anonymous_23)
FN:222,(anonymous_24)
FN:226,(anonymous_25)
FN:236,(anonymous_26)
FNF:25
FNH:25
FNDA:50,(anonymous_2)
FNDA:5,(anonymous_3)
FNDA:4,(anonymous_4)
FNDA:5,(anonymous_5)
FNDA:2,(anonymous_6)
FNDA:3,(anonymous_7)
FNDA:11,(anonymous_8)
FNDA:172,(anonymous_9)
FNDA:344,(anonymous_10)
FNDA:344,(anonymous_11)
FNDA:1548,(anonymous_12)
FNDA:94,(anonymous_13)
FNDA:51,(anonymous_14)
FNDA:64,(anonymous_15)
FNDA:64,(anonymous_16)
FNDA:35,(anonymous_17)
FNDA:390,(anonymous_18)
FNDA:73,(anonymous_19)
FNDA:5,(anonymous_20)
FNDA:44,(anonymous_21)
FNDA:305,(anonymous_22)
FNDA:2,(anonymous_23)
FNDA:62,(anonymous_24)
FNDA:124,(anonymous_25)
FNDA:124,(anonymous_26)
DA:1,1
DA:2,1
DA:3,1
DA:4,1
DA:5,1
DA:6,1
DA:7,1
DA:8,1
DA:9,1
DA:10,1
DA:11,1
DA:12,1
DA:13,1
DA:14,1
DA:15,1
DA:16,1
DA:17,1
DA:20,1
DA:25,50
DA:27,50
DA:28,50
DA:29,50
DA:33,172
DA:34,344
DA:35,344
DA:37,172
DA:44,1548
DA:48,94
DA:71,51
DA:75,64
DA:78,64
DA:79,62
DA:84,2
DA:85,2
DA:87,2
DA:88,1
DA:93,1
DA:99,50
DA:100,5
DA:101,5
DA:103,5
DA:104,10
DA:105,4
DA:106,4
DA:108,6
DA:112,5
DA:113,2
DA:115,2
DA:116,4
DA:118,4
DA:119,4
DA:122,2
DA:127,3
DA:132,35
DA:133,35
DA:134,35
DA:136,35
DA:137,1
DA:140,34
DA:141,34
DA:143,34
DA:144,390
DA:145,244
DA:147,244
DA:148,8
DA:149,8
DA:153,26
DA:154,1
DA:155,1
DA:158,25
DA:162,5
DA:163,5
DA:165,5
DA:166,5
DA:168,5
DA:171,50
DA:172,5
DA:180,50
DA:181,2
DA:187,44
DA:188,103
DA:189,42
DA:193,2
DA:196,50
DA:197,3
DA:199,3
DA:200,6
DA:205,305
DA:209,2
DA:210,2
DA:212,2
DA:215,50
DA:216,11
DA:218,11
DA:219,11
DA:223,62
DA:224,62
DA:226,124
DA:227,62
DA:229,62
DA:230,558
DA:236,124
DA:244,62
LF:103
LH:103
BRDA:104,0,0,4
BRDA:104,0,1,6
BRDA:112,1,0,2
BRDA:112,1,1,3
BRDA:38,2,0,5
BRDA:38,2,1,167
BRDA:46,3,0,172
BRDA:46,3,1,47
BRDA:53,4,0,172
BRDA:53,4,1,17
BRDA:60,5,0,172
BRDA:60,5,1,119
BRDA:74,6,0,63
BRDA:74,7,0,63
BRDA:78,8,0,62
BRDA:78,8,1,2
BRDA:81,9,0,62
BRDA:81,9,1,53
BRDA:87,10,0,1
BRDA:87,10,1,1
BRDA:136,11,0,1
BRDA:136,11,1,34
BRDA:140,12,0,30
BRDA:140,12,1,4
BRDA:147,13,0,8
BRDA:147,13,1,236
BRDA:147,14,0,244
BRDA:147,14,1,57
BRDA:147,14,2,16
BRDA:153,15,0,1
BRDA:153,15,1,25
BRDA:188,16,0,42
BRDA:188,16,1,61
BRDA:252,17,0,12
BRDA:252,17,1,50
BRF:35
BRH:35
end_of_record
TN:
SF:src/components/Toolbar/index.tsx
FN:8,(anonymous_1)
FN:9,(anonymous_2)
FN:21,(anonymous_3)
FN:27,(anonymous_4)
FN:34,(anonymous_5)
FN:35,(anonymous_6)
FN:46,(anonymous_7)
FNF:7
FNH:1
FNDA:0,(anonymous_1)
FNDA:0,(anonymous_2)
FNDA:0,(anonymous_3)
FNDA:0,(anonymous_4)
FNDA:0,(anonymous_5)
FNDA:0,(anonymous_6)
FNDA:4,(anonymous_7)
DA:1,2
DA:2,2
DA:5,2
DA:8,0
DA:9,0
DA:16,2
DA:21,0
DA:24,2
DA:27,0
DA:34,0
DA:35,0
DA:39,2
DA:46,2
DA:47,4
LF:14
LH:8
BRF:0
BRH:0
end_of_record
TN:
SF:src/components/Toolbar/IconButton/index.tsx
FN:9,(anonymous_1)
FN:16,(anonymous_2)
FN:19,(anonymous_3)
FNF:3
FNH:1
FNDA:0,(anonymous_1)
FNDA:0,(anonymous_2)
FNDA:3,(anonymous_3)
DA:1,2
DA:2,2
DA:5,2
DA:9,0
DA:14,2
DA:16,0
DA:19,2
DA:20,3
LF:8
LH:6
BRF:0
BRH:0
end_of_record
TN:
SF:src/model/Player.tsx
FN:8,(anonymous_0)
FNF:1
FNH:1
FNDA:133,(anonymous_0)
DA:1,2
DA:2,2
DA:3,2
DA:9,133
DA:10,133
LF:5
LH:5
BRDA:8,0,0,0
BRF:1
BRH:0
end_of_record
TN:
SF:src/rest/API_Endpoint.tsx
FNF:0
FNH:0
DA:1,2
LF:1
LH:1
BRF:0
BRH:0
end_of_record
TN:
SF:src/rest/PlayerHandler.tsx
FN:8,(anonymous_1)
FN:52,(anonymous_2)
FN:13,(anonymous_3)
FN:21,(anonymous_4)
FN:22,(anonymous_5)
FN:29,(anonymous_6)
FN:37,(anonymous_7)
FN:44,(anonymous_8)
FNF:8
FNH:8
FNDA:59,(anonymous_1)
FNDA:1,(anonymous_2)
FNDA:2,(anonymous_3)
FNDA:2,(anonymous_4)
FNDA:2,(anonymous_5)
FNDA:62,(anonymous_6)
FNDA:1,(anonymous_7)
FNDA:6,(anonymous_8)
DA:2,2
DA:4,2
DA:9,59
DA:10,59
DA:14,2
DA:21,2
DA:23,2
DA:24,2
DA:32,62
DA:33,61
DA:35,1
DA:37,1
DA:41,62
DA:45,6
DA:46,1
DA:52,59
DA:53,1
DA:54,1
LF:18
LH:18
BRDA:9,0,0,59
BRDA:9,0,1,51
BRDA:32,1,0,61
BRDA:32,1,1,1
BRDA:45,2,0,1
BRDA:45,2,1,5
BRF:6
BRH:6
end_of_record
TN:
SF:src/themes/DarkTheme.tsx
FNF:0
FNH:0
DA:3,1
DA:11,1
LF:2
LH:2
BRF:0
BRH:0
end_of_record
TN:
SF:src/themes/GlobalStyle.tsx
FN:12,(anonymous_0)
FNF:1
FNH:0
FNDA:0,(anonymous_0)
DA:1,1
DA:4,1
DA:12,0
LF:3
LH:2
BRF:0
BRH:0
end_of_record
TN:
SF:src/themes/LightTheme.tsx
FNF:0
FNH:0
DA:3,1
DA:11,1
LF:2
LH:2
BRF:0
BRH:0
end_of_record
